[2024-05-28T11:17:41.323+0000] {local_task_job_runner.py:120} INFO - ::group::Pre task execution logs
[2024-05-28T11:17:41.353+0000] {taskinstance.py:2076} INFO - Dependencies all met for dep_context=non-requeueable deps ti=<TaskInstance: sales_pipeline.database_preparation scheduled__2024-05-27T00:00:00+00:00 [queued]>
[2024-05-28T11:17:41.365+0000] {taskinstance.py:2076} INFO - Dependencies all met for dep_context=requeueable deps ti=<TaskInstance: sales_pipeline.database_preparation scheduled__2024-05-27T00:00:00+00:00 [queued]>
[2024-05-28T11:17:41.365+0000] {taskinstance.py:2306} INFO - Starting attempt 1 of 1
[2024-05-28T11:17:41.384+0000] {taskinstance.py:2330} INFO - Executing <Task(PythonOperator): database_preparation> on 2024-05-27 00:00:00+00:00
[2024-05-28T11:17:41.394+0000] {warnings.py:110} WARNING - /home/***/.local/lib/python3.12/site-packages/***/task/task_runner/standard_task_runner.py:61: DeprecationWarning: This process (pid=55) is multi-threaded, use of fork() may lead to deadlocks in the child.
  pid = os.fork()

[2024-05-28T11:17:41.395+0000] {standard_task_runner.py:63} INFO - Started process 64 to run task
[2024-05-28T11:17:41.395+0000] {standard_task_runner.py:90} INFO - Running: ['***', 'tasks', 'run', 'sales_pipeline', 'database_preparation', 'scheduled__2024-05-27T00:00:00+00:00', '--job-id', '3', '--raw', '--subdir', 'DAGS_FOLDER/sales_data_pipeline.py', '--cfg-path', '/tmp/tmpna3uz4ok']
[2024-05-28T11:17:41.397+0000] {standard_task_runner.py:91} INFO - Job 3: Subtask database_preparation
[2024-05-28T11:17:41.437+0000] {task_command.py:426} INFO - Running <TaskInstance: sales_pipeline.database_preparation scheduled__2024-05-27T00:00:00+00:00 [running]> on host b594ee19424a
[2024-05-28T11:17:41.538+0000] {taskinstance.py:2648} INFO - Exporting env vars: AIRFLOW_CTX_DAG_OWNER='Mahmoud Mamdoh' AIRFLOW_CTX_DAG_ID='sales_pipeline' AIRFLOW_CTX_TASK_ID='database_preparation' AIRFLOW_CTX_EXECUTION_DATE='2024-05-27T00:00:00+00:00' AIRFLOW_CTX_TRY_NUMBER='1' AIRFLOW_CTX_DAG_RUN_ID='scheduled__2024-05-27T00:00:00+00:00'
[2024-05-28T11:17:41.540+0000] {taskinstance.py:430} INFO - ::endgroup::
[2024-05-28T11:17:41.575+0000] {sales_data_pipeline.py:36} INFO - database_preparation started
[2024-05-28T11:17:41.575+0000] {sales_data_pipeline.py:41} ERROR - Error in database_preparation
Traceback (most recent call last):
  File "/opt/airflow/dags/sales_data_pipeline.py", line 37, in database_preparation
    drop_tables(**db_credentials)
TypeError: drop_tables() got an unexpected keyword argument 'host'
[2024-05-28T11:17:41.576+0000] {python.py:237} INFO - Done. Returned value was: None
[2024-05-28T11:17:41.577+0000] {taskinstance.py:441} INFO - ::group::Post task execution logs
[2024-05-28T11:17:41.586+0000] {taskinstance.py:1206} INFO - Marking task as SUCCESS. dag_id=sales_pipeline, task_id=database_preparation, run_id=scheduled__2024-05-27T00:00:00+00:00, execution_date=20240527T000000, start_date=20240528T111741, end_date=20240528T111741
[2024-05-28T11:17:41.609+0000] {local_task_job_runner.py:240} INFO - Task exited with return code 0
[2024-05-28T11:17:41.634+0000] {taskinstance.py:3498} INFO - 1 downstream tasks scheduled from follow-on schedule check
[2024-05-28T11:17:41.636+0000] {local_task_job_runner.py:222} INFO - ::endgroup::
[2024-05-28T11:24:28.608+0000] {local_task_job_runner.py:120} INFO - ::group::Pre task execution logs
[2024-05-28T11:24:28.639+0000] {taskinstance.py:2076} INFO - Dependencies all met for dep_context=non-requeueable deps ti=<TaskInstance: sales_pipeline.database_preparation scheduled__2024-05-27T00:00:00+00:00 [queued]>
[2024-05-28T11:24:28.652+0000] {taskinstance.py:2076} INFO - Dependencies all met for dep_context=requeueable deps ti=<TaskInstance: sales_pipeline.database_preparation scheduled__2024-05-27T00:00:00+00:00 [queued]>
[2024-05-28T11:24:28.653+0000] {taskinstance.py:2306} INFO - Starting attempt 1 of 1
[2024-05-28T11:24:28.669+0000] {taskinstance.py:2330} INFO - Executing <Task(PythonOperator): database_preparation> on 2024-05-27 00:00:00+00:00
[2024-05-28T11:24:28.677+0000] {warnings.py:110} WARNING - /home/***/.local/lib/python3.12/site-packages/***/task/task_runner/standard_task_runner.py:61: DeprecationWarning: This process (pid=55) is multi-threaded, use of fork() may lead to deadlocks in the child.
  pid = os.fork()

[2024-05-28T11:24:28.679+0000] {standard_task_runner.py:63} INFO - Started process 64 to run task
[2024-05-28T11:24:28.679+0000] {standard_task_runner.py:90} INFO - Running: ['***', 'tasks', 'run', 'sales_pipeline', 'database_preparation', 'scheduled__2024-05-27T00:00:00+00:00', '--job-id', '3', '--raw', '--subdir', 'DAGS_FOLDER/sales_data_pipeline.py', '--cfg-path', '/tmp/tmpurmtg_8n']
[2024-05-28T11:24:28.682+0000] {standard_task_runner.py:91} INFO - Job 3: Subtask database_preparation
[2024-05-28T11:24:28.734+0000] {task_command.py:426} INFO - Running <TaskInstance: sales_pipeline.database_preparation scheduled__2024-05-27T00:00:00+00:00 [running]> on host 57dc34eafbbe
[2024-05-28T11:24:28.833+0000] {taskinstance.py:2648} INFO - Exporting env vars: AIRFLOW_CTX_DAG_OWNER='Mahmoud Mamdoh' AIRFLOW_CTX_DAG_ID='sales_pipeline' AIRFLOW_CTX_TASK_ID='database_preparation' AIRFLOW_CTX_EXECUTION_DATE='2024-05-27T00:00:00+00:00' AIRFLOW_CTX_TRY_NUMBER='1' AIRFLOW_CTX_DAG_RUN_ID='scheduled__2024-05-27T00:00:00+00:00'
[2024-05-28T11:24:28.833+0000] {taskinstance.py:430} INFO - ::endgroup::
[2024-05-28T11:24:28.859+0000] {sales_data_pipeline.py:36} INFO - database_preparation started
[2024-05-28T11:24:28.860+0000] {sales_data_pipeline.py:41} ERROR - Error in database_preparation
Traceback (most recent call last):
  File "/opt/airflow/dags/sales_data_pipeline.py", line 37, in database_preparation
    drop_tables(**db_credentials)
TypeError: drop_tables() got an unexpected keyword argument 'host'
[2024-05-28T11:24:28.861+0000] {python.py:237} INFO - Done. Returned value was: None
[2024-05-28T11:24:28.861+0000] {taskinstance.py:441} INFO - ::group::Post task execution logs
[2024-05-28T11:24:28.870+0000] {taskinstance.py:1206} INFO - Marking task as SUCCESS. dag_id=sales_pipeline, task_id=database_preparation, run_id=scheduled__2024-05-27T00:00:00+00:00, execution_date=20240527T000000, start_date=20240528T112428, end_date=20240528T112428
[2024-05-28T11:24:28.893+0000] {local_task_job_runner.py:240} INFO - Task exited with return code 0
[2024-05-28T11:24:28.917+0000] {taskinstance.py:3498} INFO - 1 downstream tasks scheduled from follow-on schedule check
[2024-05-28T11:24:28.919+0000] {local_task_job_runner.py:222} INFO - ::endgroup::
[2024-05-28T17:01:57.674+0000] {local_task_job_runner.py:120} INFO - ::group::Pre task execution logs
[2024-05-28T17:01:57.697+0000] {taskinstance.py:2076} INFO - Dependencies all met for dep_context=non-requeueable deps ti=<TaskInstance: sales_pipeline.database_preparation scheduled__2024-05-27T00:00:00+00:00 [queued]>
[2024-05-28T17:01:57.703+0000] {taskinstance.py:2076} INFO - Dependencies all met for dep_context=requeueable deps ti=<TaskInstance: sales_pipeline.database_preparation scheduled__2024-05-27T00:00:00+00:00 [queued]>
[2024-05-28T17:01:57.704+0000] {taskinstance.py:2306} INFO - Starting attempt 1 of 1
[2024-05-28T17:01:57.718+0000] {taskinstance.py:2330} INFO - Executing <Task(PythonOperator): database_preparation> on 2024-05-27 00:00:00+00:00
[2024-05-28T17:01:57.727+0000] {warnings.py:110} WARNING - /home/***/.local/lib/python3.12/site-packages/***/task/task_runner/standard_task_runner.py:61: DeprecationWarning: This process (pid=51) is multi-threaded, use of fork() may lead to deadlocks in the child.
  pid = os.fork()

[2024-05-28T17:01:57.728+0000] {standard_task_runner.py:63} INFO - Started process 53 to run task
[2024-05-28T17:01:57.729+0000] {standard_task_runner.py:90} INFO - Running: ['***', 'tasks', 'run', 'sales_pipeline', 'database_preparation', 'scheduled__2024-05-27T00:00:00+00:00', '--job-id', '2', '--raw', '--subdir', 'DAGS_FOLDER/sales_data_pipeline.py', '--cfg-path', '/tmp/tmpkrf_ob_5']
[2024-05-28T17:01:57.730+0000] {standard_task_runner.py:91} INFO - Job 2: Subtask database_preparation
[2024-05-28T17:01:57.741+0000] {warnings.py:110} WARNING - /home/***/.local/lib/python3.12/site-packages/***/settings.py:195: DeprecationWarning: The sql_alchemy_conn option in [core] has been moved to the sql_alchemy_conn option in [database] - the old setting has been used, but please update your config.
  SQL_ALCHEMY_CONN = conf.get("database", "SQL_ALCHEMY_CONN")

[2024-05-28T17:01:57.773+0000] {task_command.py:426} INFO - Running <TaskInstance: sales_pipeline.database_preparation scheduled__2024-05-27T00:00:00+00:00 [running]> on host 0fa044a0c643
[2024-05-28T17:01:57.849+0000] {taskinstance.py:2648} INFO - Exporting env vars: AIRFLOW_CTX_DAG_OWNER='Mahmoud Mamdoh' AIRFLOW_CTX_DAG_ID='sales_pipeline' AIRFLOW_CTX_TASK_ID='database_preparation' AIRFLOW_CTX_EXECUTION_DATE='2024-05-27T00:00:00+00:00' AIRFLOW_CTX_TRY_NUMBER='1' AIRFLOW_CTX_DAG_RUN_ID='scheduled__2024-05-27T00:00:00+00:00'
[2024-05-28T17:01:57.850+0000] {taskinstance.py:430} INFO - ::endgroup::
[2024-05-28T17:01:57.864+0000] {sales_data_pipeline.py:36} INFO - database_preparation started
[2024-05-28T17:01:57.864+0000] {sales_data_pipeline.py:41} ERROR - Error in database_preparation
Traceback (most recent call last):
  File "/opt/airflow/dags/sales_data_pipeline.py", line 37, in database_preparation
    drop_tables(**db_credentials)
TypeError: drop_tables() got an unexpected keyword argument 'host'
[2024-05-28T17:01:57.865+0000] {python.py:237} INFO - Done. Returned value was: None
[2024-05-28T17:01:57.865+0000] {taskinstance.py:441} INFO - ::group::Post task execution logs
[2024-05-28T17:01:57.874+0000] {taskinstance.py:1206} INFO - Marking task as SUCCESS. dag_id=sales_pipeline, task_id=database_preparation, run_id=scheduled__2024-05-27T00:00:00+00:00, execution_date=20240527T000000, start_date=20240528T170157, end_date=20240528T170157
[2024-05-28T17:01:57.901+0000] {local_task_job_runner.py:240} INFO - Task exited with return code 0
[2024-05-28T17:01:57.926+0000] {taskinstance.py:3498} INFO - 1 downstream tasks scheduled from follow-on schedule check
[2024-05-28T17:01:57.927+0000] {local_task_job_runner.py:222} INFO - ::endgroup::
[2024-05-28T19:07:56.172+0000] {local_task_job_runner.py:120} INFO - ::group::Pre task execution logs
[2024-05-28T19:07:56.192+0000] {taskinstance.py:2076} INFO - Dependencies all met for dep_context=non-requeueable deps ti=<TaskInstance: sales_pipeline.database_preparation scheduled__2024-05-27T00:00:00+00:00 [queued]>
[2024-05-28T19:07:56.202+0000] {taskinstance.py:2076} INFO - Dependencies all met for dep_context=requeueable deps ti=<TaskInstance: sales_pipeline.database_preparation scheduled__2024-05-27T00:00:00+00:00 [queued]>
[2024-05-28T19:07:56.203+0000] {taskinstance.py:2306} INFO - Starting attempt 1 of 1
[2024-05-28T19:07:56.217+0000] {taskinstance.py:2330} INFO - Executing <Task(PythonOperator): database_preparation> on 2024-05-27 00:00:00+00:00
[2024-05-28T19:07:56.225+0000] {warnings.py:110} WARNING - /home/***/.local/lib/python3.12/site-packages/***/task/task_runner/standard_task_runner.py:61: DeprecationWarning: This process (pid=51) is multi-threaded, use of fork() may lead to deadlocks in the child.
  pid = os.fork()

[2024-05-28T19:07:56.226+0000] {standard_task_runner.py:63} INFO - Started process 53 to run task
[2024-05-28T19:07:56.226+0000] {standard_task_runner.py:90} INFO - Running: ['***', 'tasks', 'run', 'sales_pipeline', 'database_preparation', 'scheduled__2024-05-27T00:00:00+00:00', '--job-id', '3', '--raw', '--subdir', 'DAGS_FOLDER/sales_data_pipeline.py', '--cfg-path', '/tmp/tmpa_284k9f']
[2024-05-28T19:07:56.229+0000] {standard_task_runner.py:91} INFO - Job 3: Subtask database_preparation
[2024-05-28T19:07:56.240+0000] {warnings.py:110} WARNING - /home/***/.local/lib/python3.12/site-packages/***/settings.py:195: DeprecationWarning: The sql_alchemy_conn option in [core] has been moved to the sql_alchemy_conn option in [database] - the old setting has been used, but please update your config.
  SQL_ALCHEMY_CONN = conf.get("database", "SQL_ALCHEMY_CONN")

[2024-05-28T19:07:56.272+0000] {task_command.py:426} INFO - Running <TaskInstance: sales_pipeline.database_preparation scheduled__2024-05-27T00:00:00+00:00 [running]> on host 620f12c2bede
[2024-05-28T19:07:56.347+0000] {taskinstance.py:2648} INFO - Exporting env vars: AIRFLOW_CTX_DAG_OWNER='Mahmoud Mamdoh' AIRFLOW_CTX_DAG_ID='sales_pipeline' AIRFLOW_CTX_TASK_ID='database_preparation' AIRFLOW_CTX_EXECUTION_DATE='2024-05-27T00:00:00+00:00' AIRFLOW_CTX_TRY_NUMBER='1' AIRFLOW_CTX_DAG_RUN_ID='scheduled__2024-05-27T00:00:00+00:00'
[2024-05-28T19:07:56.348+0000] {taskinstance.py:430} INFO - ::endgroup::
[2024-05-28T19:07:56.361+0000] {sales_data_pipeline.py:36} INFO - database_preparation started
[2024-05-28T19:07:56.361+0000] {sales_data_pipeline.py:41} ERROR - Error in database_preparation
Traceback (most recent call last):
  File "/opt/airflow/dags/sales_data_pipeline.py", line 37, in database_preparation
    drop_tables(**db_credentials)
TypeError: drop_tables() got an unexpected keyword argument 'host'
[2024-05-28T19:07:56.362+0000] {python.py:237} INFO - Done. Returned value was: None
[2024-05-28T19:07:56.363+0000] {taskinstance.py:441} INFO - ::group::Post task execution logs
[2024-05-28T19:07:56.370+0000] {taskinstance.py:1206} INFO - Marking task as SUCCESS. dag_id=sales_pipeline, task_id=database_preparation, run_id=scheduled__2024-05-27T00:00:00+00:00, execution_date=20240527T000000, start_date=20240528T190756, end_date=20240528T190756
[2024-05-28T19:07:56.400+0000] {local_task_job_runner.py:240} INFO - Task exited with return code 0
[2024-05-28T19:07:56.423+0000] {taskinstance.py:3498} INFO - 1 downstream tasks scheduled from follow-on schedule check
[2024-05-28T19:07:56.425+0000] {local_task_job_runner.py:222} INFO - ::endgroup::
[2024-05-28T19:12:25.275+0000] {local_task_job_runner.py:120} INFO - ::group::Pre task execution logs
[2024-05-28T19:12:25.300+0000] {taskinstance.py:2076} INFO - Dependencies all met for dep_context=non-requeueable deps ti=<TaskInstance: sales_pipeline.database_preparation scheduled__2024-05-27T00:00:00+00:00 [queued]>
[2024-05-28T19:12:25.309+0000] {taskinstance.py:2076} INFO - Dependencies all met for dep_context=requeueable deps ti=<TaskInstance: sales_pipeline.database_preparation scheduled__2024-05-27T00:00:00+00:00 [queued]>
[2024-05-28T19:12:25.309+0000] {taskinstance.py:2306} INFO - Starting attempt 1 of 1
[2024-05-28T19:12:25.327+0000] {taskinstance.py:2330} INFO - Executing <Task(PythonOperator): database_preparation> on 2024-05-27 00:00:00+00:00
[2024-05-28T19:12:25.334+0000] {warnings.py:110} WARNING - /home/***/.local/lib/python3.12/site-packages/***/task/task_runner/standard_task_runner.py:61: DeprecationWarning: This process (pid=52) is multi-threaded, use of fork() may lead to deadlocks in the child.
  pid = os.fork()

[2024-05-28T19:12:25.335+0000] {standard_task_runner.py:63} INFO - Started process 56 to run task
[2024-05-28T19:12:25.336+0000] {standard_task_runner.py:90} INFO - Running: ['***', 'tasks', 'run', 'sales_pipeline', 'database_preparation', 'scheduled__2024-05-27T00:00:00+00:00', '--job-id', '3', '--raw', '--subdir', 'DAGS_FOLDER/sales_data_pipeline.py', '--cfg-path', '/tmp/tmpb9j2s0k7']
[2024-05-28T19:12:25.338+0000] {standard_task_runner.py:91} INFO - Job 3: Subtask database_preparation
[2024-05-28T19:12:25.349+0000] {warnings.py:110} WARNING - /home/***/.local/lib/python3.12/site-packages/***/settings.py:195: DeprecationWarning: The sql_alchemy_conn option in [core] has been moved to the sql_alchemy_conn option in [database] - the old setting has been used, but please update your config.
  SQL_ALCHEMY_CONN = conf.get("database", "SQL_ALCHEMY_CONN")

[2024-05-28T19:12:25.382+0000] {task_command.py:426} INFO - Running <TaskInstance: sales_pipeline.database_preparation scheduled__2024-05-27T00:00:00+00:00 [running]> on host 90e12a9d37bb
[2024-05-28T19:12:25.463+0000] {taskinstance.py:2648} INFO - Exporting env vars: AIRFLOW_CTX_DAG_OWNER='Mahmoud Mamdoh' AIRFLOW_CTX_DAG_ID='sales_pipeline' AIRFLOW_CTX_TASK_ID='database_preparation' AIRFLOW_CTX_EXECUTION_DATE='2024-05-27T00:00:00+00:00' AIRFLOW_CTX_TRY_NUMBER='1' AIRFLOW_CTX_DAG_RUN_ID='scheduled__2024-05-27T00:00:00+00:00'
[2024-05-28T19:12:25.465+0000] {taskinstance.py:430} INFO - ::endgroup::
[2024-05-28T19:12:25.487+0000] {sales_data_pipeline.py:36} INFO - database_preparation started
[2024-05-28T19:12:25.488+0000] {sales_data_pipeline.py:41} ERROR - Error in database_preparation
Traceback (most recent call last):
  File "/opt/airflow/dags/sales_data_pipeline.py", line 37, in database_preparation
    drop_tables(**db_credentials)
TypeError: drop_tables() got an unexpected keyword argument 'host'
[2024-05-28T19:12:25.489+0000] {python.py:237} INFO - Done. Returned value was: None
[2024-05-28T19:12:25.489+0000] {taskinstance.py:441} INFO - ::group::Post task execution logs
[2024-05-28T19:12:25.500+0000] {taskinstance.py:1206} INFO - Marking task as SUCCESS. dag_id=sales_pipeline, task_id=database_preparation, run_id=scheduled__2024-05-27T00:00:00+00:00, execution_date=20240527T000000, start_date=20240528T191225, end_date=20240528T191225
[2024-05-28T19:12:25.548+0000] {local_task_job_runner.py:240} INFO - Task exited with return code 0
[2024-05-28T19:12:25.573+0000] {taskinstance.py:3498} INFO - 1 downstream tasks scheduled from follow-on schedule check
[2024-05-28T19:12:25.575+0000] {local_task_job_runner.py:222} INFO - ::endgroup::
