[2024-05-28T20:38:50.886+0000] {local_task_job_runner.py:120} INFO - ::group::Pre task execution logs
[2024-05-28T20:38:50.911+0000] {taskinstance.py:2076} INFO - Dependencies all met for dep_context=non-requeueable deps ti=<TaskInstance: sales_pipeline.data_extraction manual__2024-05-28T20:38:46.971019+00:00 [queued]>
[2024-05-28T20:38:50.918+0000] {taskinstance.py:2076} INFO - Dependencies all met for dep_context=requeueable deps ti=<TaskInstance: sales_pipeline.data_extraction manual__2024-05-28T20:38:46.971019+00:00 [queued]>
[2024-05-28T20:38:50.919+0000] {taskinstance.py:2306} INFO - Starting attempt 1 of 1
[2024-05-28T20:38:50.933+0000] {taskinstance.py:2330} INFO - Executing <Task(PythonOperator): data_extraction> on 2024-05-28 20:38:46.971019+00:00
[2024-05-28T20:38:50.942+0000] {warnings.py:110} WARNING - /home/***/.local/lib/python3.12/site-packages/***/task/task_runner/standard_task_runner.py:61: DeprecationWarning: This process (pid=192) is multi-threaded, use of fork() may lead to deadlocks in the child.
  pid = os.fork()

[2024-05-28T20:38:50.943+0000] {standard_task_runner.py:63} INFO - Started process 194 to run task
[2024-05-28T20:38:50.944+0000] {standard_task_runner.py:90} INFO - Running: ['***', 'tasks', 'run', 'sales_pipeline', 'data_extraction', 'manual__2024-05-28T20:38:46.971019+00:00', '--job-id', '49', '--raw', '--subdir', 'DAGS_FOLDER/sales_data_pipeline.py', '--cfg-path', '/tmp/tmpw7o64fdm']
[2024-05-28T20:38:50.946+0000] {standard_task_runner.py:91} INFO - Job 49: Subtask data_extraction
[2024-05-28T20:38:50.956+0000] {warnings.py:110} WARNING - /home/***/.local/lib/python3.12/site-packages/***/settings.py:195: DeprecationWarning: The sql_alchemy_conn option in [core] has been moved to the sql_alchemy_conn option in [database] - the old setting has been used, but please update your config.
  SQL_ALCHEMY_CONN = conf.get("database", "SQL_ALCHEMY_CONN")

[2024-05-28T20:38:50.984+0000] {task_command.py:426} INFO - Running <TaskInstance: sales_pipeline.data_extraction manual__2024-05-28T20:38:46.971019+00:00 [running]> on host 90e12a9d37bb
[2024-05-28T20:38:51.068+0000] {taskinstance.py:2648} INFO - Exporting env vars: AIRFLOW_CTX_DAG_OWNER='Mahmoud Mamdoh' AIRFLOW_CTX_DAG_ID='sales_pipeline' AIRFLOW_CTX_TASK_ID='data_extraction' AIRFLOW_CTX_EXECUTION_DATE='2024-05-28T20:38:46.971019+00:00' AIRFLOW_CTX_TRY_NUMBER='1' AIRFLOW_CTX_DAG_RUN_ID='manual__2024-05-28T20:38:46.971019+00:00'
[2024-05-28T20:38:51.069+0000] {taskinstance.py:430} INFO - ::endgroup::
[2024-05-28T20:38:51.081+0000] {sales_data_pipeline.py:45} INFO - data_extraction started
[2024-05-28T20:39:01.681+0000] {transform_data.py:36} INFO - ecommerce data processing completed
[2024-05-28T20:39:01.684+0000] {sales_data_pipeline.py:47} INFO - data_extraction done
[2024-05-28T20:39:01.684+0000] {python.py:237} INFO - Done. Returned value was: None
[2024-05-28T20:39:01.685+0000] {taskinstance.py:441} INFO - ::group::Post task execution logs
[2024-05-28T20:39:01.714+0000] {taskinstance.py:1206} INFO - Marking task as SUCCESS. dag_id=sales_pipeline, task_id=data_extraction, run_id=manual__2024-05-28T20:38:46.971019+00:00, execution_date=20240528T203846, start_date=20240528T203850, end_date=20240528T203901
[2024-05-28T20:39:01.760+0000] {local_task_job_runner.py:240} INFO - Task exited with return code 0
[2024-05-28T20:39:01.779+0000] {taskinstance.py:3498} INFO - 0 downstream tasks scheduled from follow-on schedule check
[2024-05-28T20:39:01.781+0000] {local_task_job_runner.py:222} INFO - ::endgroup::
