[2024-05-28T20:23:14.781+0000] {local_task_job_runner.py:120} INFO - ::group::Pre task execution logs
[2024-05-28T20:23:14.801+0000] {taskinstance.py:2076} INFO - Dependencies all met for dep_context=non-requeueable deps ti=<TaskInstance: sales_pipeline.data_extraction manual__2024-05-28T20:19:12.358431+00:00 [queued]>
[2024-05-28T20:23:14.809+0000] {taskinstance.py:2076} INFO - Dependencies all met for dep_context=requeueable deps ti=<TaskInstance: sales_pipeline.data_extraction manual__2024-05-28T20:19:12.358431+00:00 [queued]>
[2024-05-28T20:23:14.810+0000] {taskinstance.py:2306} INFO - Starting attempt 2 of 2
[2024-05-28T20:23:14.820+0000] {taskinstance.py:2330} INFO - Executing <Task(PythonOperator): data_extraction> on 2024-05-28 20:19:12.358431+00:00
[2024-05-28T20:23:14.829+0000] {warnings.py:110} WARNING - /home/***/.local/lib/python3.12/site-packages/***/task/task_runner/standard_task_runner.py:61: DeprecationWarning: This process (pid=153) is multi-threaded, use of fork() may lead to deadlocks in the child.
  pid = os.fork()

[2024-05-28T20:23:14.830+0000] {standard_task_runner.py:63} INFO - Started process 155 to run task
[2024-05-28T20:23:14.830+0000] {standard_task_runner.py:90} INFO - Running: ['***', 'tasks', 'run', 'sales_pipeline', 'data_extraction', 'manual__2024-05-28T20:19:12.358431+00:00', '--job-id', '36', '--raw', '--subdir', 'DAGS_FOLDER/sales_data_pipeline.py', '--cfg-path', '/tmp/tmpqa8niis8']
[2024-05-28T20:23:14.832+0000] {standard_task_runner.py:91} INFO - Job 36: Subtask data_extraction
[2024-05-28T20:23:14.843+0000] {warnings.py:110} WARNING - /home/***/.local/lib/python3.12/site-packages/***/settings.py:195: DeprecationWarning: The sql_alchemy_conn option in [core] has been moved to the sql_alchemy_conn option in [database] - the old setting has been used, but please update your config.
  SQL_ALCHEMY_CONN = conf.get("database", "SQL_ALCHEMY_CONN")

[2024-05-28T20:23:14.870+0000] {task_command.py:426} INFO - Running <TaskInstance: sales_pipeline.data_extraction manual__2024-05-28T20:19:12.358431+00:00 [running]> on host 90e12a9d37bb
[2024-05-28T20:23:14.954+0000] {taskinstance.py:2648} INFO - Exporting env vars: AIRFLOW_CTX_DAG_OWNER='Mahmoud Mamdoh' AIRFLOW_CTX_DAG_ID='sales_pipeline' AIRFLOW_CTX_TASK_ID='data_extraction' AIRFLOW_CTX_EXECUTION_DATE='2024-05-28T20:19:12.358431+00:00' AIRFLOW_CTX_TRY_NUMBER='2' AIRFLOW_CTX_DAG_RUN_ID='manual__2024-05-28T20:19:12.358431+00:00'
[2024-05-28T20:23:14.955+0000] {taskinstance.py:430} INFO - ::endgroup::
[2024-05-28T20:23:14.967+0000] {sales_data_pipeline.py:45} INFO - data_extraction started
[2024-05-28T20:23:25.445+0000] {transform_data.py:35} INFO - ecommerce data processing completed
[2024-05-28T20:23:25.451+0000] {sales_data_pipeline.py:47} INFO - data_extraction done
[2024-05-28T20:23:25.452+0000] {python.py:237} INFO - Done. Returned value was: None
[2024-05-28T20:23:25.452+0000] {taskinstance.py:441} INFO - ::group::Post task execution logs
[2024-05-28T20:23:25.479+0000] {taskinstance.py:1206} INFO - Marking task as SUCCESS. dag_id=sales_pipeline, task_id=data_extraction, run_id=manual__2024-05-28T20:19:12.358431+00:00, execution_date=20240528T201912, start_date=20240528T202314, end_date=20240528T202325
[2024-05-28T20:23:25.532+0000] {local_task_job_runner.py:240} INFO - Task exited with return code 0
[2024-05-28T20:23:25.549+0000] {taskinstance.py:3498} INFO - 1 downstream tasks scheduled from follow-on schedule check
[2024-05-28T20:23:25.550+0000] {local_task_job_runner.py:222} INFO - ::endgroup::
