[2024-05-28T20:35:45.460+0000] {local_task_job_runner.py:120} INFO - ::group::Pre task execution logs
[2024-05-28T20:35:45.482+0000] {taskinstance.py:2076} INFO - Dependencies all met for dep_context=non-requeueable deps ti=<TaskInstance: sales_pipeline.data_extraction manual__2024-05-28T20:25:00.375788+00:00 [queued]>
[2024-05-28T20:35:45.489+0000] {taskinstance.py:2076} INFO - Dependencies all met for dep_context=requeueable deps ti=<TaskInstance: sales_pipeline.data_extraction manual__2024-05-28T20:25:00.375788+00:00 [queued]>
[2024-05-28T20:35:45.490+0000] {taskinstance.py:2306} INFO - Starting attempt 3 of 3
[2024-05-28T20:35:45.501+0000] {taskinstance.py:2330} INFO - Executing <Task(PythonOperator): data_extraction> on 2024-05-28 20:25:00.375788+00:00
[2024-05-28T20:35:45.510+0000] {warnings.py:110} WARNING - /home/***/.local/lib/python3.12/site-packages/***/task/task_runner/standard_task_runner.py:61: DeprecationWarning: This process (pid=183) is multi-threaded, use of fork() may lead to deadlocks in the child.
  pid = os.fork()

[2024-05-28T20:35:45.511+0000] {standard_task_runner.py:63} INFO - Started process 185 to run task
[2024-05-28T20:35:45.512+0000] {standard_task_runner.py:90} INFO - Running: ['***', 'tasks', 'run', 'sales_pipeline', 'data_extraction', 'manual__2024-05-28T20:25:00.375788+00:00', '--job-id', '46', '--raw', '--subdir', 'DAGS_FOLDER/sales_data_pipeline.py', '--cfg-path', '/tmp/tmpjp8h3e28']
[2024-05-28T20:35:45.515+0000] {standard_task_runner.py:91} INFO - Job 46: Subtask data_extraction
[2024-05-28T20:35:45.525+0000] {warnings.py:110} WARNING - /home/***/.local/lib/python3.12/site-packages/***/settings.py:195: DeprecationWarning: The sql_alchemy_conn option in [core] has been moved to the sql_alchemy_conn option in [database] - the old setting has been used, but please update your config.
  SQL_ALCHEMY_CONN = conf.get("database", "SQL_ALCHEMY_CONN")

[2024-05-28T20:35:45.554+0000] {task_command.py:426} INFO - Running <TaskInstance: sales_pipeline.data_extraction manual__2024-05-28T20:25:00.375788+00:00 [running]> on host 90e12a9d37bb
[2024-05-28T20:35:45.633+0000] {taskinstance.py:2648} INFO - Exporting env vars: AIRFLOW_CTX_DAG_OWNER='Mahmoud Mamdoh' AIRFLOW_CTX_DAG_ID='sales_pipeline' AIRFLOW_CTX_TASK_ID='data_extraction' AIRFLOW_CTX_EXECUTION_DATE='2024-05-28T20:25:00.375788+00:00' AIRFLOW_CTX_TRY_NUMBER='3' AIRFLOW_CTX_DAG_RUN_ID='manual__2024-05-28T20:25:00.375788+00:00'
[2024-05-28T20:35:45.634+0000] {taskinstance.py:430} INFO - ::endgroup::
[2024-05-28T20:35:45.646+0000] {sales_data_pipeline.py:45} INFO - data_extraction started
[2024-05-28T20:35:56.491+0000] {transform_data.py:36} INFO - ecommerce data processing completed
[2024-05-28T20:35:56.495+0000] {sales_data_pipeline.py:47} INFO - data_extraction done
[2024-05-28T20:35:56.495+0000] {python.py:237} INFO - Done. Returned value was: None
[2024-05-28T20:35:56.495+0000] {taskinstance.py:441} INFO - ::group::Post task execution logs
[2024-05-28T20:35:56.526+0000] {taskinstance.py:1206} INFO - Marking task as SUCCESS. dag_id=sales_pipeline, task_id=data_extraction, run_id=manual__2024-05-28T20:25:00.375788+00:00, execution_date=20240528T202500, start_date=20240528T203545, end_date=20240528T203556
[2024-05-28T20:35:56.575+0000] {local_task_job_runner.py:240} INFO - Task exited with return code 0
[2024-05-28T20:35:56.595+0000] {taskinstance.py:3498} INFO - 1 downstream tasks scheduled from follow-on schedule check
[2024-05-28T20:35:56.596+0000] {local_task_job_runner.py:222} INFO - ::endgroup::
