[2024-05-28T20:49:34.017+0000] {local_task_job_runner.py:120} INFO - ::group::Pre task execution logs
[2024-05-28T20:49:34.037+0000] {taskinstance.py:2076} INFO - Dependencies all met for dep_context=non-requeueable deps ti=<TaskInstance: sales_pipeline.data_delivery manual__2024-05-28T20:49:17.745214+00:00 [queued]>
[2024-05-28T20:49:34.045+0000] {taskinstance.py:2076} INFO - Dependencies all met for dep_context=requeueable deps ti=<TaskInstance: sales_pipeline.data_delivery manual__2024-05-28T20:49:17.745214+00:00 [queued]>
[2024-05-28T20:49:34.045+0000] {taskinstance.py:2306} INFO - Starting attempt 1 of 1
[2024-05-28T20:49:34.056+0000] {taskinstance.py:2330} INFO - Executing <Task(PythonOperator): data_delivery> on 2024-05-28 20:49:17.745214+00:00
[2024-05-28T20:49:34.064+0000] {warnings.py:110} WARNING - /home/***/.local/lib/python3.12/site-packages/***/task/task_runner/standard_task_runner.py:61: DeprecationWarning: This process (pid=234) is multi-threaded, use of fork() may lead to deadlocks in the child.
  pid = os.fork()

[2024-05-28T20:49:34.065+0000] {standard_task_runner.py:63} INFO - Started process 236 to run task
[2024-05-28T20:49:34.066+0000] {standard_task_runner.py:90} INFO - Running: ['***', 'tasks', 'run', 'sales_pipeline', 'data_delivery', 'manual__2024-05-28T20:49:17.745214+00:00', '--job-id', '63', '--raw', '--subdir', 'DAGS_FOLDER/sales_data_pipeline.py', '--cfg-path', '/tmp/tmpcsts85qf']
[2024-05-28T20:49:34.067+0000] {standard_task_runner.py:91} INFO - Job 63: Subtask data_delivery
[2024-05-28T20:49:34.078+0000] {warnings.py:110} WARNING - /home/***/.local/lib/python3.12/site-packages/***/settings.py:195: DeprecationWarning: The sql_alchemy_conn option in [core] has been moved to the sql_alchemy_conn option in [database] - the old setting has been used, but please update your config.
  SQL_ALCHEMY_CONN = conf.get("database", "SQL_ALCHEMY_CONN")

[2024-05-28T20:49:34.104+0000] {task_command.py:426} INFO - Running <TaskInstance: sales_pipeline.data_delivery manual__2024-05-28T20:49:17.745214+00:00 [running]> on host 90e12a9d37bb
[2024-05-28T20:49:34.183+0000] {taskinstance.py:2648} INFO - Exporting env vars: AIRFLOW_CTX_DAG_OWNER='Mahmoud Mamdoh' AIRFLOW_CTX_DAG_ID='sales_pipeline' AIRFLOW_CTX_TASK_ID='data_delivery' AIRFLOW_CTX_EXECUTION_DATE='2024-05-28T20:49:17.745214+00:00' AIRFLOW_CTX_TRY_NUMBER='1' AIRFLOW_CTX_DAG_RUN_ID='manual__2024-05-28T20:49:17.745214+00:00'
[2024-05-28T20:49:34.184+0000] {taskinstance.py:430} INFO - ::endgroup::
[2024-05-28T20:49:34.196+0000] {sales_data_pipeline.py:54} INFO - data_delivery started
[2024-05-28T20:49:34.196+0000] {Load_data.py:10} INFO - Loading customer_df dimension...
[2024-05-28T20:49:34.203+0000] {tables_creation.py:47} INFO - Loading data into table DIM_CUSTOMERS...
[2024-05-28T20:49:34.206+0000] {db_utils.py:30} INFO - Connected to PostgreSQL database successfully
[2024-05-28T20:49:34.500+0000] {tables_creation.py:59} INFO - Data loaded successfully into table DIM_CUSTOMERS
[2024-05-28T20:49:34.501+0000] {db_utils.py:39} INFO - PostgreSQL connection is closed
[2024-05-28T20:49:34.501+0000] {Load_data.py:16} INFO - customer_df dimension loaded successfully
[2024-05-28T20:49:34.510+0000] {Load_data.py:23} INFO - Loading customer dimension...
[2024-05-28T20:49:34.515+0000] {tables_creation.py:47} INFO - Loading data into table DIM_STORE...
[2024-05-28T20:49:34.518+0000] {db_utils.py:30} INFO - Connected to PostgreSQL database successfully
[2024-05-28T20:49:35.207+0000] {tables_creation.py:59} INFO - Data loaded successfully into table DIM_STORE
[2024-05-28T20:49:35.208+0000] {db_utils.py:39} INFO - PostgreSQL connection is closed
[2024-05-28T20:49:35.208+0000] {Load_data.py:29} INFO - store_df dimension loaded successfully
[2024-05-28T20:49:35.223+0000] {Load_data.py:36} INFO - Loading customer dimension...
[2024-05-28T20:49:35.238+0000] {tables_creation.py:47} INFO - Loading data into table DIM_PRODUCT...
[2024-05-28T20:49:35.240+0000] {db_utils.py:30} INFO - Connected to PostgreSQL database successfully
[2024-05-28T20:49:37.263+0000] {tables_creation.py:59} INFO - Data loaded successfully into table DIM_PRODUCT
[2024-05-28T20:49:37.263+0000] {db_utils.py:39} INFO - PostgreSQL connection is closed
[2024-05-28T20:49:37.264+0000] {Load_data.py:42} INFO - product_df dimension loaded successfully
[2024-05-28T20:49:37.314+0000] {Load_data.py:49} INFO - Loading fact sales ...
[2024-05-28T20:49:37.398+0000] {tables_creation.py:47} INFO - Loading data into table FACT_SALES...
[2024-05-28T20:49:37.402+0000] {db_utils.py:30} INFO - Connected to PostgreSQL database successfully
[2024-05-28T20:49:48.864+0000] {tables_creation.py:59} INFO - Data loaded successfully into table FACT_SALES
[2024-05-28T20:49:48.865+0000] {db_utils.py:39} INFO - PostgreSQL connection is closed
[2024-05-28T20:49:49.208+0000] {Load_data.py:53} INFO - Sales fact loaded successfully
[2024-05-28T20:49:49.210+0000] {sales_data_pipeline.py:59} INFO - data_delivery done
[2024-05-28T20:49:49.211+0000] {python.py:237} INFO - Done. Returned value was: None
[2024-05-28T20:49:49.211+0000] {taskinstance.py:441} INFO - ::group::Post task execution logs
[2024-05-28T20:49:49.224+0000] {taskinstance.py:1206} INFO - Marking task as SUCCESS. dag_id=sales_pipeline, task_id=data_delivery, run_id=manual__2024-05-28T20:49:17.745214+00:00, execution_date=20240528T204917, start_date=20240528T204934, end_date=20240528T204949
[2024-05-28T20:49:49.285+0000] {local_task_job_runner.py:240} INFO - Task exited with return code 0
[2024-05-28T20:49:49.298+0000] {taskinstance.py:3498} INFO - 0 downstream tasks scheduled from follow-on schedule check
[2024-05-28T20:49:49.299+0000] {local_task_job_runner.py:222} INFO - ::endgroup::
